[debug] [2022-06-02T06:13:53.689Z] ----------------------------------------------------------------------
[debug] [2022-06-02T06:13:53.691Z] Command:       C:\Program Files\nodejs\node.exe C:\Users\Klim_\AppData\Roaming\npm\node_modules\firebase-tools\lib\bin\firebase.js init
[debug] [2022-06-02T06:13:53.692Z] CLI Version:   11.0.0
[debug] [2022-06-02T06:13:53.692Z] Platform:      win32
[debug] [2022-06-02T06:13:53.692Z] Node Version:  v16.13.1
[debug] [2022-06-02T06:13:53.693Z] Time:          Thu Jun 02 2022 09:13:53 GMT+0300 (Москва, стандартное время)
[debug] [2022-06-02T06:13:53.693Z] ----------------------------------------------------------------------
[debug] 
[debug] [2022-06-02T06:13:53.765Z] > command requires scopes: ["email","openid","https://www.googleapis.com/auth/cloudplatformprojects.readonly","https://www.googleapis.com/auth/firebase","https://www.googleapis.com/auth/cloud-platform"]
[debug] [2022-06-02T06:13:53.765Z] > authorizing via signed-in user (k89263812554@gmail.com)
[info] 
     ######## #### ########  ######## ########     ###     ######  ########
     ##        ##  ##     ## ##       ##     ##  ##   ##  ##       ##
     ######    ##  ########  ######   ########  #########  ######  ######
     ##        ##  ##    ##  ##       ##     ## ##     ##       ## ##
     ##       #### ##     ## ######## ########  ##     ##  ######  ########

You're about to initialize a Firebase project in this directory:

  C:\Users\Klim_\OneDrive\Рабочий стол\Social_chat

Before we get started, keep in mind:

  * You are initializing within an existing Firebase project directory

